<?xml version="1.0" encoding="UTF-8"?>
<!-- Generated by org.testng.reporters.JUnitReportReporter -->
<testsuite skipped="0" hostname="LAPTOP-O1ADAID9" name="WebDriverManager.Chrome" tests="1" failures="0" timestamp="2023-08-10T12:50:37 EDT" time="7.097" errors="0">
  <testcase name="S4Chrome" time="7.097" classname="WebDriverManager.Chrome"/>
  <system-out/>
</testsuite> <!-- WebDriverManager.Chrome -->
