<?xml version="1.0" encoding="UTF-8"?>
<!-- Generated by org.testng.reporters.JUnitReportReporter -->
<testsuite skipped="0" hostname="LAPTOP-O1ADAID9" name="Basics.A1_CDP" tests="1" failures="0" timestamp="2023-08-07T15:05:09 EDT" time="10.426" errors="0">
  <testcase name="func" time="10.426" classname="Basics.A1_CDP"/>
  <system-out/>
</testsuite> <!-- Basics.A1_CDP -->
