<?xml version="1.0" encoding="UTF-8"?>
<!-- Generated by org.testng.reporters.JUnitReportReporter -->
<testsuite skipped="0" hostname="LAPTOP-O1ADAID9" name="Selenium4.RelativeLocators" tests="1" failures="0" timestamp="2023-05-08T19:06:57 EDT" time="13.441" errors="0">
  <testcase name="zipCodeTest" time="13.441" classname="Selenium4.RelativeLocators"/>
  <system-out/>
</testsuite> <!-- Selenium4.RelativeLocators -->
