<?xml version="1.0" encoding="UTF-8"?>
<!-- Generated by org.testng.reporters.JUnitReportReporter -->
<testsuite skipped="0" hostname="LAPTOP-O1ADAID9" name="Basics.SwitchToNewTab" tests="1" failures="0" timestamp="2023-08-07T16:00:15 EDT" time="7.180" errors="0">
  <testcase name="setUp" time="7.180" classname="Basics.SwitchToNewTab"/>
  <system-out/>
</testsuite> <!-- Basics.SwitchToNewTab -->
