<?xml version="1.0" encoding="UTF-8"?>
<!-- Generated by org.testng.reporters.JUnitReportReporter -->
<testsuite skipped="0" hostname="LAPTOP-O1ADAID9" name="Selenium4.GherkinKeywordTest" tests="3" failures="0" timestamp="2023-08-07T15:03:23 EDT" time="0.180" errors="0">
  <testcase name="testEnglishGherkinKeywords" time="0.171" classname="Selenium4.GherkinKeywordTest"/>
  <system-out/>
  <testcase name="testMixedGherkinKeywords" time="0.002" classname="Selenium4.GherkinKeywordTest"/>
  <system-out/>
  <testcase name="testGermanGherkinKeywords" time="0.007" classname="Selenium4.GherkinKeywordTest"/>
  <system-out/>
</testsuite> <!-- Selenium4.GherkinKeywordTest -->
