<?xml version="1.0" encoding="UTF-8"?>
<!-- Generated by org.testng.reporters.JUnitReportReporter -->
<testsuite skipped="0" hostname="LAPTOP-O1ADAID9" name="Selenium4.RelativeLocators" tests="1" failures="0" timestamp="2023-08-07T14:44:19 EDT" time="15.276" errors="0">
  <testcase name="zipCodeTest" time="15.276" classname="Selenium4.RelativeLocators"/>
  <system-out/>
</testsuite> <!-- Selenium4.RelativeLocators -->
