<?xml version="1.0" encoding="UTF-8"?>
<!-- Generated by org.testng.reporters.JUnitReportReporter -->
<testsuite skipped="0" hostname="LAPTOP-O1ADAID9" name="Selenium4.RelativeLocators_FF" tests="1" failures="0" timestamp="2023-08-07T14:47:43 EDT" time="17.616" errors="0">
  <testcase name="zipCodeTest" time="17.616" classname="Selenium4.RelativeLocators_FF"/>
  <system-out/>
</testsuite> <!-- Selenium4.RelativeLocators_FF -->
