<?xml version="1.0" encoding="UTF-8"?>
<!-- Generated by org.testng.reporters.JUnitReportReporter -->
<testsuite skipped="0" hostname="LAPTOP-O1ADAID9" name="Basics.SwitchToNewWindow" tests="1" failures="0" timestamp="2023-08-07T15:10:10 EDT" time="6.672" errors="0">
  <testcase name="setUp" time="6.672" classname="Basics.SwitchToNewWindow"/>
  <system-out/>
</testsuite> <!-- Basics.SwitchToNewWindow -->
